Arguments: 
  /root/.nvm/versions/node/v16.14.2/bin/node /root/.node/corepack/yarn/1.22.15/bin/yarn.js init

PATH: 
  /root/.nvm/versions/node/v16.14.2/bin:/root/.vscode-server/bin/b06ae3b2d2dbfe28bca3134cc6be65935cdfea6a/bin/remote-cli:/usr/local/sbin:/usr/local/bin:/usr/sbin:/usr/bin:/sbin:/bin:/usr/games:/usr/local/games:/usr/lib/wsl/lib:/mnt/c/Users/Administrator/AppData/Local/Programs/Python/Python310/Scripts/:/mnt/c/Users/Administrator/AppData/Local/Programs/Python/Python310/:/mnt/c/Program Files (x86)/Common Files/Oracle/Java/javapath:/mnt/c/Program Files (x86)/Common Files/Intel/Shared Libraries/redist/intel64/compiler:/mnt/c/Program Files/NVIDIA GPU Computing Toolkit/CUDA/v11.3/bin:/mnt/c/Program Files/NVIDIA GPU Computing Toolkit/CUDA/v11.3/libnvvp:/mnt/c/Program Files (x86)/VMware/VMware Player/bin/:/mnt/c/ProgramData/Anaconda3:/mnt/c/ProgramData/Anaconda3/Library/mingw-w64/bin:/mnt/c/ProgramData/Anaconda3/Library/usr/bin:/mnt/c/ProgramData/Anaconda3/Library/bin:/mnt/c/ProgramData/Anaconda3/Scripts:/mnt/c/Program Files (x86)/NAT Service:/mnt/c/Windows/system32:/mnt/c/Windows:/mnt/c/Windows/System32/Wbem:/mnt/c/Windows/System32/WindowsPowerShell/v1.0/:/mnt/c/Windows/System32/OpenSSH/:/mnt/c/Program Files/Bandizip/:/mnt/c/Program Files (x86)/NVIDIA Corporation/PhysX/Common:/mnt/c/Program Files/NVIDIA Corporation/NVIDIA NvDLISR:/mnt/c/Program Files/Git/cmd:/mnt/c/Users/Administrator/AppData/Local/Programs/Python/Python310:/mnt/c/Users/Administrator/AppData/Local/Programs/Python/Python310/Scripts:/mnt/c/Program Files/ffmpeg-4.4.1-full_build/bin:/mnt/c/Program Files/NVIDIA Corporation/Nsight Compute 2021.1.0/:/mnt/c/Program Files (x86)/Windows Live/Shared:/mnt/c/hadoop-3.3.2/bin:/mnt/c/Program Files/Java/jdk1.8.0_333/bin:/mnt/c/Program Files/nodejs/:/mnt/c/ProgramData/chocolatey/bin:/mnt/c/Users/Administrator/AppData/Local/Programs/Python/Python310/Scripts/:/mnt/c/Users/Administrator/AppData/Local/Programs/Python/Python310/:/mnt/c/Users/Administrator/AppData/Local/Microsoft/WindowsApps:/mnt/c/Users/Administrator/AppData/Local/Programs/Microsoft VS Code/bin:/mnt/c/Program Files/ffmpeg-4.4.1-full_build/bin:/mnt/c/Users/Administrator/AppData/Roaming/npm:/snap/bin

Yarn version: 
  1.22.15

Node version: 
  16.14.2

Platform: 
  linux x64

Trace: 
  Error: canceled
      at Interface.<anonymous> (/root/.node/corepack/yarn/1.22.15/lib/cli.js:137145:13)
      at Interface.emit (node:events:526:28)
      at Interface._ttyWrite (node:readline:1081:16)
      at ReadStream.onkeypress (node:readline:288:10)
      at ReadStream.emit (node:events:526:28)
      at emitKeys (node:internal/readline/utils:358:14)
      at emitKeys.next (<anonymous>)
      at ReadStream.onData (node:internal/readline/emitKeypressEvents:61:36)
      at ReadStream.emit (node:events:526:28)
      at addChunk (node:internal/streams/readable:315:12)

npm manifest: 
  No manifest

yarn manifest: 
  No manifest

Lockfile: 
  No lockfile
